Watching for file changes with StatReloader
/Users/anasmohammed/Desktop/pokak/billing_project/accounts/views.py changed, reloading.
Performing system checks...

System check identified no issues (0 silenced).
February 06, 2025 - 12:15:33
Django version 4.2.16, using settings 'core.settings'
Starting development server at http://0.0.0.0:8005/
Quit the server with CONTROL-C.

Watching for file changes with StatReloader
Traceback (most recent call last):
  File "/Users/anasmohammed/Desktop/pokak/billing_project/manage.py", line 22, in <module>
    main()
  File "/Users/anasmohammed/Desktop/pokak/billing_project/manage.py", line 18, in main
    execute_from_command_line(sys.argv)
  File "/Users/anasmohammed/Desktop/pokak/billing_project/venv/lib/python3.9/site-packages/django/core/management/__init__.py", line 442, in execute_from_command_line
    utility.execute()
  File "/Users/anasmohammed/Desktop/pokak/billing_project/venv/lib/python3.9/site-packages/django/core/management/__init__.py", line 436, in execute
    self.fetch_command(subcommand).run_from_argv(self.argv)
  File "/Users/anasmohammed/Desktop/pokak/billing_project/venv/lib/python3.9/site-packages/django/core/management/base.py", line 412, in run_from_argv
    self.execute(*args, **cmd_options)
  File "/Users/anasmohammed/Desktop/pokak/billing_project/venv/lib/python3.9/site-packages/django/core/management/commands/runserver.py", line 74, in execute
    super().execute(*args, **options)
  File "/Users/anasmohammed/Desktop/pokak/billing_project/venv/lib/python3.9/site-packages/django/core/management/base.py", line 458, in execute
    output = self.handle(*args, **options)
  File "/Users/anasmohammed/Desktop/pokak/billing_project/venv/lib/python3.9/site-packages/django/core/management/commands/runserver.py", line 111, in handle
    self.run(**options)
  File "/Users/anasmohammed/Desktop/pokak/billing_project/venv/lib/python3.9/site-packages/django/core/management/commands/runserver.py", line 118, in run
    autoreload.run_with_reloader(self.inner_run, **options)
  File "/Users/anasmohammed/Desktop/pokak/billing_project/venv/lib/python3.9/site-packages/django/utils/autoreload.py", line 671, in run_with_reloader
    start_django(reloader, main_func, *args, **kwargs)
  File "/Users/anasmohammed/Desktop/pokak/billing_project/venv/lib/python3.9/site-packages/django/utils/autoreload.py", line 650, in start_django
    ensure_echo_on()
  File "/Users/anasmohammed/Desktop/pokak/billing_project/venv/lib/python3.9/site-packages/django/utils/autoreload.py", line 95, in ensure_echo_on
    if not termios or not sys.stdin.isatty():
AttributeError: 'NoneType' object has no attribute 'isatty'
